INFO:root:2025-07-10 21-24-36
INFO:root:**************** MODEL CONFIGURATION ****************
INFO:root:Beta                     -->   0.1
INFO:root:add_constraint           -->   True
INFO:root:batch_size               -->   1024
INFO:root:biased_split             -->   False
INFO:root:cuda_id                  -->   2
INFO:root:data_dir                 -->   data/
INFO:root:data_name                -->   yelp
INFO:root:emb_size                 -->   64
INFO:root:lr_1                     -->   0.001
INFO:root:lr_2                     -->   1e-05
INFO:root:model                    -->   GDN
INFO:root:multi_relation           -->   GNN
INFO:root:no_cuda                  -->   True
INFO:root:num_epochs               -->   101
INFO:root:optimizer                -->   adam
INFO:root:save_dir                 -->   ./pytorch_models/
INFO:root:seed                     -->   42
INFO:root:test_batch_size          -->   1024
INFO:root:test_ratio               -->   0.33
INFO:root:thres                    -->   0.2
INFO:root:topk                     -->   10
INFO:root:train_ratio              -->   0.6
INFO:root:valid_epochs             -->   5
INFO:root:weight_decay             -->   0.001
INFO:root:weight_decay_2           -->   0.1
INFO:root:**************** MODEL CONFIGURATION ****************
INFO:root:2025-07-10 21-32-43
INFO:root:**************** MODEL CONFIGURATION ****************
INFO:root:Beta                     -->   0.1
INFO:root:add_constraint           -->   True
INFO:root:batch_size               -->   1024
INFO:root:biased_split             -->   False
INFO:root:cuda_id                  -->   2
INFO:root:data_dir                 -->   data/
INFO:root:data_name                -->   yelp
INFO:root:emb_size                 -->   64
INFO:root:lr_1                     -->   0.001
INFO:root:lr_2                     -->   1e-05
INFO:root:model                    -->   GDN
INFO:root:multi_relation           -->   GNN
INFO:root:no_cuda                  -->   True
INFO:root:num_epochs               -->   101
INFO:root:optimizer                -->   adam
INFO:root:save_dir                 -->   ./pytorch_models/
INFO:root:seed                     -->   42
INFO:root:test_batch_size          -->   1024
INFO:root:test_ratio               -->   0.33
INFO:root:thres                    -->   0.2
INFO:root:topk                     -->   10
INFO:root:train_ratio              -->   0.6
INFO:root:valid_epochs             -->   5
INFO:root:weight_decay             -->   0.001
INFO:root:weight_decay_2           -->   0.1
INFO:root:**************** MODEL CONFIGURATION ****************
INFO:root:2025-07-10 21-39-34
INFO:root:**************** MODEL CONFIGURATION ****************
INFO:root:Beta                     -->   0.1
INFO:root:add_constraint           -->   True
INFO:root:batch_size               -->   1024
INFO:root:biased_split             -->   False
INFO:root:cuda_id                  -->   2
INFO:root:data_dir                 -->   data/
INFO:root:data_name                -->   yelp
INFO:root:emb_size                 -->   64
INFO:root:lr_1                     -->   0.001
INFO:root:lr_2                     -->   1e-05
INFO:root:model                    -->   GDN
INFO:root:multi_relation           -->   GNN
INFO:root:no_cuda                  -->   True
INFO:root:num_epochs               -->   101
INFO:root:optimizer                -->   adam
INFO:root:save_dir                 -->   ./pytorch_models/
INFO:root:seed                     -->   42
INFO:root:test_batch_size          -->   1024
INFO:root:test_ratio               -->   0.33
INFO:root:thres                    -->   0.2
INFO:root:topk                     -->   10
INFO:root:train_ratio              -->   0.6
INFO:root:valid_epochs             -->   5
INFO:root:weight_decay             -->   0.001
INFO:root:weight_decay_2           -->   0.1
INFO:root:**************** MODEL CONFIGURATION ****************
INFO:root:	F1-macro: 0.4869	G-Mean: 0.0000	AUC: 0.5600
INFO:root:   GNN TP: 0	TN: 4478	FN: 241	FP: 0
INFO:root:	F1-macro: 0.4869	G-Mean: 0.0000	AUC: 0.7123
INFO:root:   GNN TP: 0	TN: 4478	FN: 241	FP: 0
INFO:root:	F1-macro: 0.5939	G-Mean: 0.3686	AUC: 0.8020
INFO:root:   GNN TP: 33	TN: 4444	FN: 208	FP: 34
INFO:root:	F1-macro: 0.6883	G-Mean: 0.6216	AUC: 0.8277
INFO:root:   GNN TP: 96	TN: 4344	FN: 145	FP: 134
INFO:root:	F1-macro: 0.7084	G-Mean: 0.6649	AUC: 0.8420
INFO:root:   GNN TP: 110	TN: 4337	FN: 131	FP: 141
INFO:root:	F1-macro: 0.7066	G-Mean: 0.6701	AUC: 0.8517
INFO:root:   GNN TP: 112	TN: 4327	FN: 129	FP: 151
INFO:root:	F1-macro: 0.6989	G-Mean: 0.6716	AUC: 0.8603
INFO:root:   GNN TP: 113	TN: 4308	FN: 128	FP: 170
INFO:root:	F1-macro: 0.7030	G-Mean: 0.6777	AUC: 0.8690
INFO:root:   GNN TP: 115	TN: 4310	FN: 126	FP: 168
INFO:root:	F1-macro: 0.6993	G-Mean: 0.6798	AUC: 0.8775
INFO:root:   GNN TP: 116	TN: 4299	FN: 125	FP: 179
INFO:root:	F1-macro: 0.7058	G-Mean: 0.6915	AUC: 0.8825
INFO:root:   GNN TP: 120	TN: 4300	FN: 121	FP: 178
INFO:root:	F1-macro: 0.7104	G-Mean: 0.7052	AUC: 0.8889
INFO:root:   GNN TP: 125	TN: 4294	FN: 116	FP: 184
INFO:root:	F1-macro: 0.7119	G-Mean: 0.7081	AUC: 0.8908
INFO:root:   GNN TP: 126	TN: 4294	FN: 115	FP: 184
INFO:root:	F1-macro: 0.7162	G-Mean: 0.7264	AUC: 0.8940
INFO:root:   GNN TP: 133	TN: 4282	FN: 108	FP: 196
INFO:root:	F1-macro: 0.7180	G-Mean: 0.7317	AUC: 0.8946
INFO:root:   GNN TP: 135	TN: 4280	FN: 106	FP: 198
INFO:root:	F1-macro: 0.7189	G-Mean: 0.7416	AUC: 0.8961
INFO:root:   GNN TP: 139	TN: 4270	FN: 102	FP: 208
INFO:root:	F1-macro: 0.7193	G-Mean: 0.7465	AUC: 0.8966
INFO:root:   GNN TP: 141	TN: 4265	FN: 100	FP: 213
INFO:root:	F1-macro: 0.7161	G-Mean: 0.7506	AUC: 0.8971
INFO:root:   GNN TP: 143	TN: 4252	FN: 98	FP: 226
INFO:root:	F1-macro: 0.7152	G-Mean: 0.7433	AUC: 0.8965
INFO:root:   GNN TP: 140	TN: 4259	FN: 101	FP: 219
INFO:root:	F1-macro: 0.7239	G-Mean: 0.7474	AUC: 0.8972
INFO:root:   GNN TP: 141	TN: 4275	FN: 100	FP: 203
INFO:root:	F1-macro: 0.7259	G-Mean: 0.7453	AUC: 0.8969
INFO:root:   GNN TP: 140	TN: 4282	FN: 101	FP: 196
INFO:root:	F1-macro: 0.7294	G-Mean: 0.7435	AUC: 0.8973
INFO:root:   GNN TP: 139	TN: 4292	FN: 102	FP: 186
INFO:root:	F1-macro: 0.7439	G-Mean: 0.7733	AUC: 0.9133
INFO:root:   GNN TP: 304	TN: 8666	FN: 183	FP: 380
INFO:root:2025-07-10 22-35-17
INFO:root:**************** MODEL CONFIGURATION ****************
INFO:root:Beta                     -->   0.1
INFO:root:add_constraint           -->   True
INFO:root:batch_size               -->   1024
INFO:root:biased_split             -->   False
INFO:root:cuda_id                  -->   2
INFO:root:data_dir                 -->   data/
INFO:root:data_name                -->   yelp
INFO:root:emb_size                 -->   64
INFO:root:lr_1                     -->   0.001
INFO:root:lr_2                     -->   1e-05
INFO:root:model                    -->   GDN
INFO:root:multi_relation           -->   GNN
INFO:root:no_cuda                  -->   True
INFO:root:num_epochs               -->   101
INFO:root:optimizer                -->   adam
INFO:root:save_dir                 -->   ./pytorch_models/
INFO:root:seed                     -->   42
INFO:root:test_batch_size          -->   1024
INFO:root:test_ratio               -->   0.33
INFO:root:thres                    -->   0.2
INFO:root:topk                     -->   10
INFO:root:train_ratio              -->   0.6
INFO:root:valid_epochs             -->   5
INFO:root:weight_decay             -->   0.001
INFO:root:weight_decay_2           -->   0.1
INFO:root:**************** MODEL CONFIGURATION ****************
INFO:root:	F1-macro: 0.4869	G-Mean: 0.0000	AUC: 0.5600
INFO:root:   GNN TP: 0	TN: 4478	FN: 241	FP: 0
INFO:root:	F1-macro: 0.4869	G-Mean: 0.0000	AUC: 0.7123
INFO:root:   GNN TP: 0	TN: 4478	FN: 241	FP: 0
INFO:root:	F1-macro: 0.5939	G-Mean: 0.3686	AUC: 0.8020
INFO:root:   GNN TP: 33	TN: 4444	FN: 208	FP: 34
INFO:root:	F1-macro: 0.6883	G-Mean: 0.6216	AUC: 0.8277
INFO:root:   GNN TP: 96	TN: 4344	FN: 145	FP: 134
INFO:root:	F1-macro: 0.7084	G-Mean: 0.6649	AUC: 0.8420
INFO:root:   GNN TP: 110	TN: 4337	FN: 131	FP: 141
INFO:root:	F1-macro: 0.7066	G-Mean: 0.6701	AUC: 0.8517
INFO:root:   GNN TP: 112	TN: 4327	FN: 129	FP: 151
INFO:root:	F1-macro: 0.6989	G-Mean: 0.6716	AUC: 0.8603
INFO:root:   GNN TP: 113	TN: 4308	FN: 128	FP: 170
INFO:root:	F1-macro: 0.7030	G-Mean: 0.6777	AUC: 0.8690
INFO:root:   GNN TP: 115	TN: 4310	FN: 126	FP: 168
INFO:root:	F1-macro: 0.6993	G-Mean: 0.6798	AUC: 0.8775
INFO:root:   GNN TP: 116	TN: 4299	FN: 125	FP: 179
INFO:root:	F1-macro: 0.7058	G-Mean: 0.6915	AUC: 0.8825
INFO:root:   GNN TP: 120	TN: 4300	FN: 121	FP: 178
INFO:root:	F1-macro: 0.7104	G-Mean: 0.7052	AUC: 0.8889
INFO:root:   GNN TP: 125	TN: 4294	FN: 116	FP: 184
INFO:root:	F1-macro: 0.7119	G-Mean: 0.7081	AUC: 0.8908
INFO:root:   GNN TP: 126	TN: 4294	FN: 115	FP: 184
INFO:root:	F1-macro: 0.7162	G-Mean: 0.7264	AUC: 0.8940
INFO:root:   GNN TP: 133	TN: 4282	FN: 108	FP: 196
INFO:root:	F1-macro: 0.7180	G-Mean: 0.7317	AUC: 0.8946
INFO:root:   GNN TP: 135	TN: 4280	FN: 106	FP: 198
INFO:root:	F1-macro: 0.7189	G-Mean: 0.7416	AUC: 0.8961
INFO:root:   GNN TP: 139	TN: 4270	FN: 102	FP: 208
INFO:root:	F1-macro: 0.7193	G-Mean: 0.7465	AUC: 0.8966
INFO:root:   GNN TP: 141	TN: 4265	FN: 100	FP: 213
INFO:root:	F1-macro: 0.7161	G-Mean: 0.7506	AUC: 0.8971
INFO:root:   GNN TP: 143	TN: 4252	FN: 98	FP: 226
INFO:root:	F1-macro: 0.7152	G-Mean: 0.7433	AUC: 0.8965
INFO:root:   GNN TP: 140	TN: 4259	FN: 101	FP: 219
INFO:root:	F1-macro: 0.7239	G-Mean: 0.7474	AUC: 0.8972
INFO:root:   GNN TP: 141	TN: 4275	FN: 100	FP: 203
INFO:root:	F1-macro: 0.7259	G-Mean: 0.7453	AUC: 0.8969
INFO:root:   GNN TP: 140	TN: 4282	FN: 101	FP: 196
INFO:root:	F1-macro: 0.7294	G-Mean: 0.7435	AUC: 0.8973
INFO:root:   GNN TP: 139	TN: 4292	FN: 102	FP: 186
INFO:root:	F1-macro: 0.7439	G-Mean: 0.7733	AUC: 0.9133
INFO:root:   GNN TP: 304	TN: 8666	FN: 183	FP: 380
INFO:root:2025-07-10 23-28-57
INFO:root:**************** MODEL CONFIGURATION ****************
INFO:root:Beta                     -->   0.1
INFO:root:add_constraint           -->   True
INFO:root:batch_size               -->   1024
INFO:root:biased_split             -->   False
INFO:root:cuda_id                  -->   2
INFO:root:data_dir                 -->   data/
INFO:root:data_name                -->   yelp
INFO:root:emb_size                 -->   64
INFO:root:lr_1                     -->   0.001
INFO:root:lr_2                     -->   1e-05
INFO:root:model                    -->   GDN
INFO:root:multi_relation           -->   GNN
INFO:root:no_cuda                  -->   True
INFO:root:num_epochs               -->   101
INFO:root:optimizer                -->   adam
INFO:root:save_dir                 -->   ./pytorch_models/
INFO:root:seed                     -->   42
INFO:root:test_batch_size          -->   1024
INFO:root:test_ratio               -->   0.33
INFO:root:thres                    -->   0.2
INFO:root:topk                     -->   10
INFO:root:train_ratio              -->   0.6
INFO:root:valid_epochs             -->   5
INFO:root:weight_decay             -->   0.001
INFO:root:weight_decay_2           -->   0.1
INFO:root:**************** MODEL CONFIGURATION ****************
INFO:root:	F1-macro: 0.4869	G-Mean: 0.0000	AUC: 0.5600
INFO:root:   GNN TP: 0	TN: 4478	FN: 241	FP: 0
INFO:root:	F1-macro: 0.4869	G-Mean: 0.0000	AUC: 0.7123
INFO:root:   GNN TP: 0	TN: 4478	FN: 241	FP: 0
INFO:root:	F1-macro: 0.5939	G-Mean: 0.3686	AUC: 0.8020
INFO:root:   GNN TP: 33	TN: 4444	FN: 208	FP: 34
INFO:root:	F1-macro: 0.6883	G-Mean: 0.6216	AUC: 0.8277
INFO:root:   GNN TP: 96	TN: 4344	FN: 145	FP: 134
INFO:root:	F1-macro: 0.7084	G-Mean: 0.6649	AUC: 0.8420
INFO:root:   GNN TP: 110	TN: 4337	FN: 131	FP: 141
INFO:root:	F1-macro: 0.7066	G-Mean: 0.6701	AUC: 0.8517
INFO:root:   GNN TP: 112	TN: 4327	FN: 129	FP: 151
INFO:root:	F1-macro: 0.6989	G-Mean: 0.6716	AUC: 0.8603
INFO:root:   GNN TP: 113	TN: 4308	FN: 128	FP: 170
INFO:root:	F1-macro: 0.7030	G-Mean: 0.6777	AUC: 0.8690
INFO:root:   GNN TP: 115	TN: 4310	FN: 126	FP: 168
INFO:root:	F1-macro: 0.6993	G-Mean: 0.6798	AUC: 0.8775
INFO:root:   GNN TP: 116	TN: 4299	FN: 125	FP: 179
INFO:root:	F1-macro: 0.7058	G-Mean: 0.6915	AUC: 0.8825
INFO:root:   GNN TP: 120	TN: 4300	FN: 121	FP: 178
INFO:root:	F1-macro: 0.7104	G-Mean: 0.7052	AUC: 0.8889
INFO:root:   GNN TP: 125	TN: 4294	FN: 116	FP: 184
INFO:root:	F1-macro: 0.7119	G-Mean: 0.7081	AUC: 0.8908
INFO:root:   GNN TP: 126	TN: 4294	FN: 115	FP: 184
INFO:root:	F1-macro: 0.7162	G-Mean: 0.7264	AUC: 0.8940
INFO:root:   GNN TP: 133	TN: 4282	FN: 108	FP: 196
INFO:root:	F1-macro: 0.7180	G-Mean: 0.7317	AUC: 0.8946
INFO:root:   GNN TP: 135	TN: 4280	FN: 106	FP: 198
INFO:root:	F1-macro: 0.7189	G-Mean: 0.7416	AUC: 0.8961
INFO:root:   GNN TP: 139	TN: 4270	FN: 102	FP: 208
INFO:root:	F1-macro: 0.7193	G-Mean: 0.7465	AUC: 0.8966
INFO:root:   GNN TP: 141	TN: 4265	FN: 100	FP: 213
INFO:root:	F1-macro: 0.7161	G-Mean: 0.7506	AUC: 0.8971
INFO:root:   GNN TP: 143	TN: 4252	FN: 98	FP: 226
INFO:root:	F1-macro: 0.7152	G-Mean: 0.7433	AUC: 0.8965
INFO:root:   GNN TP: 140	TN: 4259	FN: 101	FP: 219
INFO:root:	F1-macro: 0.7239	G-Mean: 0.7474	AUC: 0.8972
INFO:root:   GNN TP: 141	TN: 4275	FN: 100	FP: 203
INFO:root:	F1-macro: 0.7259	G-Mean: 0.7453	AUC: 0.8969
INFO:root:   GNN TP: 140	TN: 4282	FN: 101	FP: 196
INFO:root:	F1-macro: 0.7294	G-Mean: 0.7435	AUC: 0.8973
INFO:root:   GNN TP: 139	TN: 4292	FN: 102	FP: 186
INFO:root:	F1-macro: 0.7439	G-Mean: 0.7733	AUC: 0.9133
INFO:root:   GNN TP: 304	TN: 8666	FN: 183	FP: 380
INFO:root:2025-07-11 20-14-12
INFO:root:**************** MODEL CONFIGURATION ****************
INFO:root:Beta                     -->   0.1
INFO:root:add_constraint           -->   True
INFO:root:batch_size               -->   1024
INFO:root:biased_split             -->   False
INFO:root:cuda_id                  -->   2
INFO:root:data_dir                 -->   data/
INFO:root:data_name                -->   yelp
INFO:root:emb_size                 -->   64
INFO:root:lr_1                     -->   0.001
INFO:root:lr_2                     -->   1e-05
INFO:root:model                    -->   GDN
INFO:root:multi_relation           -->   GNN
INFO:root:no_cuda                  -->   True
INFO:root:num_epochs               -->   101
INFO:root:optimizer                -->   adam
INFO:root:save_dir                 -->   ./pytorch_models/
INFO:root:seed                     -->   42
INFO:root:test_batch_size          -->   1024
INFO:root:test_ratio               -->   0.33
INFO:root:thres                    -->   0.2
INFO:root:topk                     -->   10
INFO:root:train_ratio              -->   0.6
INFO:root:valid_epochs             -->   5
INFO:root:weight_decay             -->   0.001
INFO:root:weight_decay_2           -->   0.1
INFO:root:**************** MODEL CONFIGURATION ****************
INFO:root:	F1-macro: 0.4869	G-Mean: 0.0000	AUC: 0.5600
INFO:root:   GNN TP: 0	TN: 4478	FN: 241	FP: 0
INFO:root:	F1-macro: 0.4869	G-Mean: 0.0000	AUC: 0.7123
INFO:root:   GNN TP: 0	TN: 4478	FN: 241	FP: 0
INFO:root:	F1-macro: 0.5939	G-Mean: 0.3686	AUC: 0.8020
INFO:root:   GNN TP: 33	TN: 4444	FN: 208	FP: 34
INFO:root:	F1-macro: 0.6883	G-Mean: 0.6216	AUC: 0.8277
INFO:root:   GNN TP: 96	TN: 4344	FN: 145	FP: 134
INFO:root:	F1-macro: 0.7084	G-Mean: 0.6649	AUC: 0.8420
INFO:root:   GNN TP: 110	TN: 4337	FN: 131	FP: 141
INFO:root:	F1-macro: 0.7066	G-Mean: 0.6701	AUC: 0.8517
INFO:root:   GNN TP: 112	TN: 4327	FN: 129	FP: 151
INFO:root:	F1-macro: 0.6989	G-Mean: 0.6716	AUC: 0.8603
INFO:root:   GNN TP: 113	TN: 4308	FN: 128	FP: 170
INFO:root:	F1-macro: 0.7030	G-Mean: 0.6777	AUC: 0.8690
INFO:root:   GNN TP: 115	TN: 4310	FN: 126	FP: 168
INFO:root:	F1-macro: 0.6993	G-Mean: 0.6798	AUC: 0.8775
INFO:root:   GNN TP: 116	TN: 4299	FN: 125	FP: 179
INFO:root:	F1-macro: 0.7058	G-Mean: 0.6915	AUC: 0.8825
INFO:root:   GNN TP: 120	TN: 4300	FN: 121	FP: 178
INFO:root:	F1-macro: 0.7104	G-Mean: 0.7052	AUC: 0.8889
INFO:root:   GNN TP: 125	TN: 4294	FN: 116	FP: 184
INFO:root:	F1-macro: 0.7119	G-Mean: 0.7081	AUC: 0.8908
INFO:root:   GNN TP: 126	TN: 4294	FN: 115	FP: 184
INFO:root:	F1-macro: 0.7162	G-Mean: 0.7264	AUC: 0.8940
INFO:root:   GNN TP: 133	TN: 4282	FN: 108	FP: 196
INFO:root:	F1-macro: 0.7180	G-Mean: 0.7317	AUC: 0.8946
INFO:root:   GNN TP: 135	TN: 4280	FN: 106	FP: 198
INFO:root:	F1-macro: 0.7189	G-Mean: 0.7416	AUC: 0.8961
INFO:root:   GNN TP: 139	TN: 4270	FN: 102	FP: 208
INFO:root:	F1-macro: 0.7193	G-Mean: 0.7465	AUC: 0.8966
INFO:root:   GNN TP: 141	TN: 4265	FN: 100	FP: 213
INFO:root:	F1-macro: 0.7161	G-Mean: 0.7506	AUC: 0.8971
INFO:root:   GNN TP: 143	TN: 4252	FN: 98	FP: 226
INFO:root:	F1-macro: 0.7152	G-Mean: 0.7433	AUC: 0.8965
INFO:root:   GNN TP: 140	TN: 4259	FN: 101	FP: 219
INFO:root:	F1-macro: 0.7239	G-Mean: 0.7474	AUC: 0.8972
INFO:root:   GNN TP: 141	TN: 4275	FN: 100	FP: 203
INFO:root:	F1-macro: 0.7259	G-Mean: 0.7453	AUC: 0.8969
INFO:root:   GNN TP: 140	TN: 4282	FN: 101	FP: 196
INFO:root:	F1-macro: 0.7294	G-Mean: 0.7435	AUC: 0.8973
INFO:root:   GNN TP: 139	TN: 4292	FN: 102	FP: 186
INFO:root:	F1-macro: 0.7439	G-Mean: 0.7733	AUC: 0.9133
INFO:root:   GNN TP: 304	TN: 8666	FN: 183	FP: 380
INFO:root:2025-07-11 22-02-31
INFO:root:**************** MODEL CONFIGURATION ****************
INFO:root:Beta                     -->   0.1
INFO:root:add_constraint           -->   True
INFO:root:batch_size               -->   1024
INFO:root:biased_split             -->   False
INFO:root:cuda_id                  -->   2
INFO:root:data_dir                 -->   data/
INFO:root:data_name                -->   yelp
INFO:root:emb_size                 -->   64
INFO:root:lr_1                     -->   0.001
INFO:root:lr_2                     -->   1e-05
INFO:root:model                    -->   GDN
INFO:root:multi_relation           -->   GNN
INFO:root:no_cuda                  -->   True
INFO:root:num_epochs               -->   101
INFO:root:optimizer                -->   adam
INFO:root:save_dir                 -->   ./pytorch_models/
INFO:root:seed                     -->   42
INFO:root:test_batch_size          -->   1024
INFO:root:test_ratio               -->   0.33
INFO:root:thres                    -->   0.2
INFO:root:topk                     -->   10
INFO:root:train_ratio              -->   0.6
INFO:root:valid_epochs             -->   5
INFO:root:weight_decay             -->   0.001
INFO:root:weight_decay_2           -->   0.1
INFO:root:**************** MODEL CONFIGURATION ****************
INFO:root:	F1-macro: 0.4869	G-Mean: 0.0000	AUC: 0.5600
INFO:root:   GNN TP: 0	TN: 4478	FN: 241	FP: 0
INFO:root:	F1-macro: 0.4869	G-Mean: 0.0000	AUC: 0.7123
INFO:root:   GNN TP: 0	TN: 4478	FN: 241	FP: 0
INFO:root:	F1-macro: 0.5939	G-Mean: 0.3686	AUC: 0.8020
INFO:root:   GNN TP: 33	TN: 4444	FN: 208	FP: 34
INFO:root:	F1-macro: 0.6883	G-Mean: 0.6216	AUC: 0.8277
INFO:root:   GNN TP: 96	TN: 4344	FN: 145	FP: 134
INFO:root:2025-07-11 22-03-51
INFO:root:2025-07-11 22-08-44
INFO:root:**************** MODEL CONFIGURATION ****************
INFO:root:Beta                     -->   0.1
INFO:root:add_constraint           -->   True
INFO:root:batch_size               -->   1024
INFO:root:biased_split             -->   False
INFO:root:cuda_id                  -->   2
INFO:root:data_dir                 -->   data/
INFO:root:data_name                -->   amazon
INFO:root:emb_size                 -->   64
INFO:root:lr_1                     -->   0.001
INFO:root:lr_2                     -->   1e-05
INFO:root:model                    -->   GDN
INFO:root:multi_relation           -->   GNN
INFO:root:no_cuda                  -->   True
INFO:root:num_epochs               -->   101
INFO:root:optimizer                -->   adam
INFO:root:save_dir                 -->   ./pytorch_models/
INFO:root:seed                     -->   42
INFO:root:test_batch_size          -->   1024
INFO:root:test_ratio               -->   0.33
INFO:root:thres                    -->   0.2
INFO:root:topk                     -->   10
INFO:root:train_ratio              -->   0.6
INFO:root:valid_epochs             -->   5
INFO:root:weight_decay             -->   0.001
INFO:root:weight_decay_2           -->   0.1
INFO:root:**************** MODEL CONFIGURATION ****************
INFO:root:	F1-macro: 0.0774	G-Mean: 0.0000	AUC: 0.8026
INFO:root:   GNN TP: 115	TN: 0	FN: 0	FP: 1255
INFO:root:	F1-macro: 0.5794	G-Mean: 0.7353	AUC: 0.8009
INFO:root:   GNN TP: 84	TN: 929	FN: 31	FP: 326
INFO:root:	F1-macro: 0.7665	G-Mean: 0.6317	AUC: 0.8315
INFO:root:   GNN TP: 46	TN: 1252	FN: 69	FP: 3
INFO:root:	F1-macro: 0.8824	G-Mean: 0.8166	AUC: 0.8419
INFO:root:   GNN TP: 77	TN: 1250	FN: 38	FP: 5
INFO:root:	F1-macro: 0.8929	G-Mean: 0.8465	AUC: 0.8462
INFO:root:   GNN TP: 83	TN: 1246	FN: 32	FP: 9
INFO:root:	F1-macro: 0.8999	G-Mean: 0.8613	AUC: 0.8795
INFO:root:   GNN TP: 86	TN: 1245	FN: 29	FP: 10
INFO:root:	F1-macro: 0.9058	G-Mean: 0.8713	AUC: 0.9112
INFO:root:   GNN TP: 88	TN: 1245	FN: 27	FP: 10
INFO:root:2025-07-11 22-13-35
INFO:root:**************** MODEL CONFIGURATION ****************
INFO:root:Beta                     -->   0.1
INFO:root:add_constraint           -->   True
INFO:root:batch_size               -->   512
INFO:root:biased_split             -->   False
INFO:root:cuda_id                  -->   2
INFO:root:data_dir                 -->   data/
INFO:root:data_name                -->   reddit
INFO:root:emb_size                 -->   64
INFO:root:lr_1                     -->   0.001
INFO:root:lr_2                     -->   1e-05
INFO:root:model                    -->   GDN
INFO:root:multi_relation           -->   GNN
INFO:root:no_cuda                  -->   True
INFO:root:num_epochs               -->   101
INFO:root:optimizer                -->   adam
INFO:root:result_save              -->   ./results/reddit_results.txt
INFO:root:save_dir                 -->   ./pytorch_models/
INFO:root:seed                     -->   42
INFO:root:test_batch_size          -->   512
INFO:root:test_ratio               -->   0.33
INFO:root:thres                    -->   0.2
INFO:root:topk                     -->   10
INFO:root:train_ratio              -->   0.6
INFO:root:valid_epochs             -->   5
INFO:root:weight_decay             -->   0.001
INFO:root:weight_decay_2           -->   0.1
INFO:root:**************** MODEL CONFIGURATION ****************
INFO:root:2025-07-11 22-13-51
INFO:root:**************** MODEL CONFIGURATION ****************
INFO:root:Beta                     -->   0.1
INFO:root:add_constraint           -->   True
INFO:root:batch_size               -->   1024
INFO:root:biased_split             -->   False
INFO:root:cuda_id                  -->   2
INFO:root:data_dir                 -->   data/
INFO:root:data_name                -->   yelp
INFO:root:emb_size                 -->   64
INFO:root:lr_1                     -->   0.001
INFO:root:lr_2                     -->   1e-05
INFO:root:model                    -->   GDN
INFO:root:multi_relation           -->   GNN
INFO:root:no_cuda                  -->   True
INFO:root:num_epochs               -->   101
INFO:root:optimizer                -->   adam
INFO:root:save_dir                 -->   ./pytorch_models/
INFO:root:seed                     -->   42
INFO:root:test_batch_size          -->   1024
INFO:root:test_ratio               -->   0.33
INFO:root:thres                    -->   0.2
INFO:root:topk                     -->   10
INFO:root:train_ratio              -->   0.6
INFO:root:valid_epochs             -->   5
INFO:root:weight_decay             -->   0.001
INFO:root:weight_decay_2           -->   0.1
INFO:root:**************** MODEL CONFIGURATION ****************
INFO:root:	F1-macro: 0.4869	G-Mean: 0.0000	AUC: 0.5600
INFO:root:   GNN TP: 0	TN: 4478	FN: 241	FP: 0
INFO:root:2025-07-11 22-14-32
INFO:root:**************** MODEL CONFIGURATION ****************
INFO:root:Beta                     -->   0.1
INFO:root:add_constraint           -->   True
INFO:root:batch_size               -->   1024
INFO:root:biased_split             -->   False
INFO:root:cuda_id                  -->   2
INFO:root:data_dir                 -->   data/
INFO:root:data_name                -->   tfinance
INFO:root:emb_size                 -->   64
INFO:root:lr_1                     -->   0.001
INFO:root:lr_2                     -->   1e-05
INFO:root:model                    -->   GDN
INFO:root:multi_relation           -->   GNN
INFO:root:no_cuda                  -->   True
INFO:root:num_epochs               -->   101
INFO:root:optimizer                -->   adam
INFO:root:result_save              -->   ./results/tfinance_results.txt
INFO:root:save_dir                 -->   ./pytorch_models/
INFO:root:seed                     -->   42
INFO:root:test_batch_size          -->   1024
INFO:root:test_ratio               -->   0.33
INFO:root:thres                    -->   0.2
INFO:root:topk                     -->   10
INFO:root:train_ratio              -->   0.6
INFO:root:valid_epochs             -->   5
INFO:root:weight_decay             -->   0.001
INFO:root:weight_decay_2           -->   0.1
INFO:root:**************** MODEL CONFIGURATION ****************
INFO:root:2025-07-11 22-17-37
INFO:root:**************** MODEL CONFIGURATION ****************
INFO:root:Beta                     -->   0.1
INFO:root:add_constraint           -->   True
INFO:root:batch_size               -->   1024
INFO:root:biased_split             -->   False
INFO:root:cuda_id                  -->   2
INFO:root:data_dir                 -->   data/
INFO:root:data_name                -->   weibo
INFO:root:emb_size                 -->   64
INFO:root:lr_1                     -->   0.001
INFO:root:lr_2                     -->   1e-05
INFO:root:model                    -->   GDN
INFO:root:multi_relation           -->   GNN
INFO:root:no_cuda                  -->   True
INFO:root:num_epochs               -->   101
INFO:root:optimizer                -->   adam
INFO:root:result_save              -->   ./results/weibo_results.txt
INFO:root:save_dir                 -->   ./pytorch_models/
INFO:root:seed                     -->   42
INFO:root:test_batch_size          -->   1024
INFO:root:test_ratio               -->   0.33
INFO:root:thres                    -->   0.2
INFO:root:topk                     -->   10
INFO:root:train_ratio              -->   0.6
INFO:root:valid_epochs             -->   5
INFO:root:weight_decay             -->   0.001
INFO:root:weight_decay_2           -->   0.1
INFO:root:**************** MODEL CONFIGURATION ****************
INFO:root:2025-07-11 22-20-25
INFO:root:**************** MODEL CONFIGURATION ****************
INFO:root:Beta                     -->   0.1
INFO:root:add_constraint           -->   True
INFO:root:batch_size               -->   512
INFO:root:biased_split             -->   False
INFO:root:cuda_id                  -->   2
INFO:root:data_dir                 -->   data/
INFO:root:data_name                -->   reddit
INFO:root:emb_size                 -->   64
INFO:root:lr_1                     -->   0.001
INFO:root:lr_2                     -->   1e-05
INFO:root:model                    -->   GDN
INFO:root:multi_relation           -->   GNN
INFO:root:no_cuda                  -->   True
INFO:root:num_epochs               -->   101
INFO:root:optimizer                -->   adam
INFO:root:result_save              -->   ./results/reddit_results.txt
INFO:root:save_dir                 -->   ./pytorch_models/
INFO:root:seed                     -->   42
INFO:root:test_batch_size          -->   512
INFO:root:test_ratio               -->   0.33
INFO:root:thres                    -->   0.2
INFO:root:topk                     -->   10
INFO:root:train_ratio              -->   0.6
INFO:root:valid_epochs             -->   5
INFO:root:weight_decay             -->   0.001
INFO:root:weight_decay_2           -->   0.1
INFO:root:**************** MODEL CONFIGURATION ****************
INFO:root:2025-07-11 22-33-48
INFO:root:**************** MODEL CONFIGURATION ****************
INFO:root:Beta                     -->   0.1
INFO:root:add_constraint           -->   True
INFO:root:batch_size               -->   1024
INFO:root:biased_split             -->   False
INFO:root:cuda_id                  -->   2
INFO:root:data_dir                 -->   data/
INFO:root:data_name                -->   amazon
INFO:root:emb_size                 -->   64
INFO:root:lr_1                     -->   0.001
INFO:root:lr_2                     -->   1e-05
INFO:root:model                    -->   GDN
INFO:root:multi_relation           -->   GNN
INFO:root:no_cuda                  -->   True
INFO:root:num_epochs               -->   101
INFO:root:optimizer                -->   adam
INFO:root:save_dir                 -->   ./pytorch_models/
INFO:root:seed                     -->   42
INFO:root:test_batch_size          -->   1024
INFO:root:test_ratio               -->   0.33
INFO:root:thres                    -->   0.2
INFO:root:topk                     -->   10
INFO:root:train_ratio              -->   0.6
INFO:root:valid_epochs             -->   5
INFO:root:weight_decay             -->   0.001
INFO:root:weight_decay_2           -->   0.1
INFO:root:**************** MODEL CONFIGURATION ****************
INFO:root:	F1-macro: 0.0774	G-Mean: 0.0000	AUC: 0.8026
INFO:root:   GNN TP: 115	TN: 0	FN: 0	FP: 1255
INFO:root:2025-07-11 22-34-10
INFO:root:**************** MODEL CONFIGURATION ****************
INFO:root:Beta                     -->   0.1
INFO:root:add_constraint           -->   True
INFO:root:batch_size               -->   512
INFO:root:biased_split             -->   False
INFO:root:cuda_id                  -->   2
INFO:root:data_dir                 -->   data/
INFO:root:data_name                -->   reddit
INFO:root:emb_size                 -->   64
INFO:root:lr_1                     -->   0.001
INFO:root:lr_2                     -->   1e-05
INFO:root:model                    -->   GDN
INFO:root:multi_relation           -->   GNN
INFO:root:no_cuda                  -->   True
INFO:root:num_epochs               -->   101
INFO:root:optimizer                -->   adam
INFO:root:result_save              -->   ./results/reddit_results.txt
INFO:root:save_dir                 -->   ./pytorch_models/
INFO:root:seed                     -->   42
INFO:root:test_batch_size          -->   512
INFO:root:test_ratio               -->   0.33
INFO:root:thres                    -->   0.2
INFO:root:topk                     -->   10
INFO:root:train_ratio              -->   0.6
INFO:root:valid_epochs             -->   5
INFO:root:weight_decay             -->   0.001
INFO:root:weight_decay_2           -->   0.1
INFO:root:**************** MODEL CONFIGURATION ****************
INFO:root:	F1-macro: 0.0325	G-Mean: 0.0000	AUC: 0.5090
INFO:root:   GNN TP: 73	TN: 0	FN: 0	FP: 2102
INFO:root:	F1-macro: 0.4915	G-Mean: 0.0000	AUC: 0.5295
INFO:root:   GNN TP: 0	TN: 2102	FN: 73	FP: 0
INFO:root:2025-07-11 22-40-27
INFO:root:2025-07-11 22-40-48
INFO:root:**************** MODEL CONFIGURATION ****************
INFO:root:Beta                     -->   0.1
INFO:root:add_constraint           -->   True
INFO:root:batch_size               -->   1024
INFO:root:biased_split             -->   False
INFO:root:cuda_id                  -->   2
INFO:root:data_dir                 -->   data/
INFO:root:data_name                -->   questions
INFO:root:emb_size                 -->   64
INFO:root:lr_1                     -->   0.001
INFO:root:lr_2                     -->   1e-05
INFO:root:model                    -->   GDN
INFO:root:multi_relation           -->   GNN
INFO:root:no_cuda                  -->   True
INFO:root:num_epochs               -->   101
INFO:root:optimizer                -->   adam
INFO:root:save_dir                 -->   ./pytorch_models/
INFO:root:seed                     -->   42
INFO:root:test_batch_size          -->   1024
INFO:root:test_ratio               -->   0.33
INFO:root:thres                    -->   0.2
INFO:root:topk                     -->   10
INFO:root:train_ratio              -->   0.6
INFO:root:valid_epochs             -->   5
INFO:root:weight_decay             -->   0.001
INFO:root:weight_decay_2           -->   0.1
INFO:root:**************** MODEL CONFIGURATION ****************
INFO:root:2025-07-11 22-46-32
INFO:root:**************** MODEL CONFIGURATION ****************
INFO:root:Beta                     -->   0.1
INFO:root:add_constraint           -->   True
INFO:root:batch_size               -->   1024
INFO:root:biased_split             -->   False
INFO:root:cuda_id                  -->   2
INFO:root:data_dir                 -->   data/
INFO:root:data_name                -->   questions
INFO:root:emb_size                 -->   64
INFO:root:lr_1                     -->   0.001
INFO:root:lr_2                     -->   1e-05
INFO:root:model                    -->   GDN
INFO:root:multi_relation           -->   GNN
INFO:root:no_cuda                  -->   True
INFO:root:num_epochs               -->   101
INFO:root:optimizer                -->   adam
INFO:root:save_dir                 -->   ./pytorch_models/
INFO:root:seed                     -->   42
INFO:root:test_batch_size          -->   1024
INFO:root:test_ratio               -->   0.33
INFO:root:thres                    -->   0.2
INFO:root:topk                     -->   10
INFO:root:train_ratio              -->   0.6
INFO:root:valid_epochs             -->   5
INFO:root:weight_decay             -->   0.001
INFO:root:weight_decay_2           -->   0.1
INFO:root:**************** MODEL CONFIGURATION ****************
INFO:root:	F1-macro: 0.4762	G-Mean: 0.1130	AUC: 0.4102
INFO:root:   GNN TP: 4	TN: 8666	FN: 285	FP: 732
INFO:root:	F1-macro: 0.5490	G-Mean: 0.2494	AUC: 0.6292
INFO:root:   GNN TP: 18	TN: 9386	FN: 271	FP: 12
INFO:root:2025-07-11 23-00-39
INFO:root:**************** MODEL CONFIGURATION ****************
INFO:root:Beta                     -->   0.1
INFO:root:add_constraint           -->   True
INFO:root:batch_size               -->   1024
INFO:root:biased_split             -->   False
INFO:root:cuda_id                  -->   2
INFO:root:data_dir                 -->   data/
INFO:root:data_name                -->   amazon
INFO:root:emb_size                 -->   64
INFO:root:lr_1                     -->   0.001
INFO:root:lr_2                     -->   1e-05
INFO:root:model                    -->   GDN
INFO:root:multi_relation           -->   GNN
INFO:root:no_cuda                  -->   True
INFO:root:num_epochs               -->   101
INFO:root:optimizer                -->   adam
INFO:root:save_dir                 -->   ./pytorch_models/
INFO:root:seed                     -->   42
INFO:root:test_batch_size          -->   1024
INFO:root:test_ratio               -->   0.33
INFO:root:thres                    -->   0.2
INFO:root:topk                     -->   10
INFO:root:train_ratio              -->   0.6
INFO:root:valid_epochs             -->   5
INFO:root:weight_decay             -->   0.001
INFO:root:weight_decay_2           -->   0.1
INFO:root:**************** MODEL CONFIGURATION ****************
INFO:root:	F1-macro: 0.0774	G-Mean: 0.0000	AUC: 0.8026
INFO:root:   GNN TP: 115	TN: 0	FN: 0	FP: 1255
INFO:root:	F1-macro: 0.5794	G-Mean: 0.7353	AUC: 0.8009
INFO:root:   GNN TP: 84	TN: 929	FN: 31	FP: 326
INFO:root:	F1-macro: 0.7665	G-Mean: 0.6317	AUC: 0.8315
INFO:root:   GNN TP: 46	TN: 1252	FN: 69	FP: 3
INFO:root:	F1-macro: 0.8824	G-Mean: 0.8166	AUC: 0.8419
INFO:root:   GNN TP: 77	TN: 1250	FN: 38	FP: 5
INFO:root:	F1-macro: 0.8929	G-Mean: 0.8465	AUC: 0.8462
INFO:root:   GNN TP: 83	TN: 1246	FN: 32	FP: 9
INFO:root:	F1-macro: 0.8999	G-Mean: 0.8613	AUC: 0.8795
INFO:root:   GNN TP: 86	TN: 1245	FN: 29	FP: 10
INFO:root:	F1-macro: 0.9058	G-Mean: 0.8713	AUC: 0.9112
INFO:root:   GNN TP: 88	TN: 1245	FN: 27	FP: 10
INFO:root:	F1-macro: 0.9037	G-Mean: 0.8709	AUC: 0.9185
INFO:root:   GNN TP: 88	TN: 1244	FN: 27	FP: 11
INFO:root:	F1-macro: 0.9037	G-Mean: 0.8709	AUC: 0.9223
INFO:root:   GNN TP: 88	TN: 1244	FN: 27	FP: 11
INFO:root:	F1-macro: 0.9037	G-Mean: 0.8709	AUC: 0.9243
INFO:root:   GNN TP: 88	TN: 1244	FN: 27	FP: 11
INFO:root:	F1-macro: 0.9037	G-Mean: 0.8709	AUC: 0.9248
INFO:root:   GNN TP: 88	TN: 1244	FN: 27	FP: 11
INFO:root:	F1-macro: 0.9037	G-Mean: 0.8709	AUC: 0.9252
INFO:root:   GNN TP: 88	TN: 1244	FN: 27	FP: 11
INFO:root:	F1-macro: 0.9037	G-Mean: 0.8709	AUC: 0.9256
INFO:root:   GNN TP: 88	TN: 1244	FN: 27	FP: 11
INFO:root:	F1-macro: 0.9037	G-Mean: 0.8709	AUC: 0.9261
INFO:root:   GNN TP: 88	TN: 1244	FN: 27	FP: 11
INFO:root:	F1-macro: 0.9037	G-Mean: 0.8709	AUC: 0.9265
INFO:root:   GNN TP: 88	TN: 1244	FN: 27	FP: 11
INFO:root:	F1-macro: 0.9037	G-Mean: 0.8709	AUC: 0.9271
INFO:root:   GNN TP: 88	TN: 1244	FN: 27	FP: 11
INFO:root:	F1-macro: 0.9037	G-Mean: 0.8709	AUC: 0.9275
INFO:root:   GNN TP: 88	TN: 1244	FN: 27	FP: 11
INFO:root:	F1-macro: 0.9037	G-Mean: 0.8709	AUC: 0.9278
INFO:root:   GNN TP: 88	TN: 1244	FN: 27	FP: 11
INFO:root:	F1-macro: 0.9037	G-Mean: 0.8709	AUC: 0.9282
INFO:root:   GNN TP: 88	TN: 1244	FN: 27	FP: 11
INFO:root:	F1-macro: 0.9037	G-Mean: 0.8709	AUC: 0.9285
INFO:root:   GNN TP: 88	TN: 1244	FN: 27	FP: 11
INFO:root:	F1-macro: 0.9058	G-Mean: 0.8713	AUC: 0.9288
INFO:root:   GNN TP: 88	TN: 1245	FN: 27	FP: 10
INFO:root:	F1-macro: 0.8940	G-Mean: 0.8637	AUC: 0.9329
INFO:root:   GNN TP: 175	TN: 2508	FN: 57	FP: 28
INFO:root:	F1-macro: 0.5490	G-Mean: 0.2494	AUC: 0.6483
INFO:root:   GNN TP: 18	TN: 9386	FN: 271	FP: 12
INFO:root:2025-07-11 23-15-01
INFO:root:**************** MODEL CONFIGURATION ****************
INFO:root:Beta                     -->   0.1
INFO:root:add_constraint           -->   True
INFO:root:batch_size               -->   1024
INFO:root:biased_split             -->   False
INFO:root:cuda_id                  -->   2
INFO:root:data_dir                 -->   data/
INFO:root:data_name                -->   yelp
INFO:root:emb_size                 -->   64
INFO:root:lr_1                     -->   0.001
INFO:root:lr_2                     -->   1e-05
INFO:root:model                    -->   GDN
INFO:root:multi_relation           -->   GNN
INFO:root:no_cuda                  -->   True
INFO:root:num_epochs               -->   101
INFO:root:optimizer                -->   adam
INFO:root:save_dir                 -->   ./pytorch_models/
INFO:root:seed                     -->   42
INFO:root:test_batch_size          -->   1024
INFO:root:test_ratio               -->   0.33
INFO:root:thres                    -->   0.2
INFO:root:topk                     -->   10
INFO:root:train_ratio              -->   0.6
INFO:root:valid_epochs             -->   5
INFO:root:weight_decay             -->   0.001
INFO:root:weight_decay_2           -->   0.1
INFO:root:**************** MODEL CONFIGURATION ****************
INFO:root:	F1-macro: 0.4869	G-Mean: 0.0000	AUC: 0.5600
INFO:root:   GNN TP: 0	TN: 4478	FN: 241	FP: 0
INFO:root:	F1-macro: 0.5610	G-Mean: 0.2757	AUC: 0.6614
INFO:root:   GNN TP: 22	TN: 9387	FN: 267	FP: 11
INFO:root:	F1-macro: 0.4869	G-Mean: 0.0000	AUC: 0.7123
INFO:root:   GNN TP: 0	TN: 4478	FN: 241	FP: 0
INFO:root:	F1-macro: 0.5939	G-Mean: 0.3686	AUC: 0.8020
INFO:root:   GNN TP: 33	TN: 4444	FN: 208	FP: 34
INFO:root:	F1-macro: 0.6883	G-Mean: 0.6216	AUC: 0.8277
INFO:root:   GNN TP: 96	TN: 4344	FN: 145	FP: 134
INFO:root:	F1-macro: 0.7084	G-Mean: 0.6649	AUC: 0.8420
INFO:root:   GNN TP: 110	TN: 4337	FN: 131	FP: 141
INFO:root:	F1-macro: 0.7066	G-Mean: 0.6701	AUC: 0.8518
INFO:root:   GNN TP: 112	TN: 4327	FN: 129	FP: 151
INFO:root:	F1-macro: 0.7002	G-Mean: 0.6691	AUC: 0.8601
INFO:root:   GNN TP: 112	TN: 4314	FN: 129	FP: 164
INFO:root:	F1-macro: 0.6986	G-Mean: 0.6743	AUC: 0.8692
INFO:root:   GNN TP: 114	TN: 4304	FN: 127	FP: 174
INFO:root:	F1-macro: 0.6993	G-Mean: 0.6798	AUC: 0.8773
INFO:root:   GNN TP: 116	TN: 4299	FN: 125	FP: 179
INFO:root:	F1-macro: 0.7040	G-Mean: 0.6911	AUC: 0.8837
INFO:root:   GNN TP: 120	TN: 4296	FN: 121	FP: 182
INFO:root:	F1-macro: 0.7079	G-Mean: 0.6997	AUC: 0.8882
INFO:root:   GNN TP: 123	TN: 4295	FN: 118	FP: 183
INFO:root:	F1-macro: 0.7124	G-Mean: 0.7107	AUC: 0.8912
INFO:root:   GNN TP: 127	TN: 4292	FN: 114	FP: 186
INFO:root:	F1-macro: 0.7181	G-Mean: 0.7292	AUC: 0.8938
INFO:root:   GNN TP: 134	TN: 4283	FN: 107	FP: 195
INFO:root:	F1-macro: 0.7176	G-Mean: 0.7316	AUC: 0.8938
INFO:root:   GNN TP: 135	TN: 4279	FN: 106	FP: 199
INFO:root:	F1-macro: 0.7194	G-Mean: 0.7393	AUC: 0.8953
INFO:root:   GNN TP: 138	TN: 4274	FN: 103	FP: 204
INFO:root:	F1-macro: 0.7188	G-Mean: 0.7464	AUC: 0.8954
INFO:root:   GNN TP: 141	TN: 4264	FN: 100	FP: 214
INFO:root:	F1-macro: 0.7179	G-Mean: 0.7486	AUC: 0.8961
INFO:root:   GNN TP: 142	TN: 4259	FN: 99	FP: 219
INFO:root:	F1-macro: 0.7208	G-Mean: 0.7395	AUC: 0.8960
INFO:root:   GNN TP: 138	TN: 4277	FN: 103	FP: 201
INFO:root:	F1-macro: 0.7241	G-Mean: 0.7401	AUC: 0.8964
INFO:root:   GNN TP: 138	TN: 4284	FN: 103	FP: 194
INFO:root:	F1-macro: 0.7208	G-Mean: 0.7371	AUC: 0.8968
INFO:root:   GNN TP: 137	TN: 4280	FN: 104	FP: 198
INFO:root:	F1-macro: 0.7157	G-Mean: 0.7434	AUC: 0.8968
INFO:root:   GNN TP: 140	TN: 4260	FN: 101	FP: 218
INFO:root:	F1-macro: 0.7423	G-Mean: 0.7867	AUC: 0.9136
INFO:root:   GNN TP: 316	TN: 8628	FN: 171	FP: 418
INFO:root:	F1-macro: 0.5663	G-Mean: 0.2880	AUC: 0.6727
INFO:root:   GNN TP: 24	TN: 9385	FN: 265	FP: 13
INFO:root:	F1-macro: 0.5774	G-Mean: 0.3110	AUC: 0.6812
INFO:root:   GNN TP: 28	TN: 9384	FN: 261	FP: 14
INFO:root:	F1-macro: 0.5763	G-Mean: 0.3110	AUC: 0.6872
INFO:root:   GNN TP: 28	TN: 9380	FN: 261	FP: 18
INFO:root:2025-07-11 23-50-48
INFO:root:**************** MODEL CONFIGURATION ****************
INFO:root:Beta                     -->   0.1
INFO:root:add_constraint           -->   True
INFO:root:batch_size               -->   1024
INFO:root:biased_split             -->   False
INFO:root:cuda_id                  -->   2
INFO:root:data_dir                 -->   data/
INFO:root:data_name                -->   weibo
INFO:root:emb_size                 -->   64
INFO:root:lr_1                     -->   0.001
INFO:root:lr_2                     -->   1e-05
INFO:root:model                    -->   GDN
INFO:root:multi_relation           -->   GNN
INFO:root:no_cuda                  -->   True
INFO:root:num_epochs               -->   101
INFO:root:optimizer                -->   adam
INFO:root:result_save              -->   ./results/weibo_results.txt
INFO:root:save_dir                 -->   ./pytorch_models/
INFO:root:seed                     -->   42
INFO:root:test_batch_size          -->   1024
INFO:root:test_ratio               -->   0.33
INFO:root:thres                    -->   0.2
INFO:root:topk                     -->   10
INFO:root:train_ratio              -->   0.6
INFO:root:valid_epochs             -->   5
INFO:root:weight_decay             -->   0.001
INFO:root:weight_decay_2           -->   0.1
INFO:root:**************** MODEL CONFIGURATION ****************
INFO:root:	F1-macro: 0.5918	G-Mean: 0.6004	AUC: 0.5376
INFO:root:   GNN TP: 74	TN: 1251	FN: 98	FP: 242
INFO:root:	F1-macro: 0.8233	G-Mean: 0.8301	AUC: 0.8014
INFO:root:   GNN TP: 124	TN: 1427	FN: 48	FP: 66
INFO:root:2025-07-11 23-52-26
INFO:root:**************** MODEL CONFIGURATION ****************
INFO:root:Beta                     -->   0.1
INFO:root:add_constraint           -->   True
INFO:root:batch_size               -->   1024
INFO:root:biased_split             -->   False
INFO:root:cuda_id                  -->   2
INFO:root:data_dir                 -->   data/
INFO:root:data_name                -->   tolokers
INFO:root:emb_size                 -->   64
INFO:root:lr_1                     -->   0.001
INFO:root:lr_2                     -->   1e-05
INFO:root:model                    -->   GDN
INFO:root:multi_relation           -->   GNN
INFO:root:no_cuda                  -->   True
INFO:root:num_epochs               -->   101
INFO:root:optimizer                -->   adam
INFO:root:result_save              -->   ./results/tolokers_results.txt
INFO:root:save_dir                 -->   ./pytorch_models/
INFO:root:seed                     -->   42
INFO:root:test_batch_size          -->   1024
INFO:root:test_ratio               -->   0.33
INFO:root:thres                    -->   0.2
INFO:root:topk                     -->   10
INFO:root:train_ratio              -->   0.6
INFO:root:valid_epochs             -->   5
INFO:root:weight_decay             -->   0.001
INFO:root:weight_decay_2           -->   0.1
INFO:root:**************** MODEL CONFIGURATION ****************
INFO:root:	F1-macro: 0.4259	G-Mean: 0.3490	AUC: 0.3646
INFO:root:   GNN TP: 94	TN: 1198	FN: 414	FP: 622
INFO:root:	F1-macro: 0.8775	G-Mean: 0.8687	AUC: 0.8551
INFO:root:   GNN TP: 133	TN: 1457	FN: 39	FP: 36
INFO:root:	F1-macro: 0.8880	G-Mean: 0.8767	AUC: 0.8639
INFO:root:   GNN TP: 135	TN: 1462	FN: 37	FP: 31
INFO:root:	F1-macro: 0.5776	G-Mean: 0.6628	AUC: 0.7260
INFO:root:   GNN TP: 403	TN: 1008	FN: 105	FP: 812
INFO:root:	F1-macro: 0.5763	G-Mean: 0.3110	AUC: 0.6913
INFO:root:   GNN TP: 28	TN: 9380	FN: 261	FP: 18
INFO:root:	F1-macro: 0.8913	G-Mean: 0.8802	AUC: 0.8631
INFO:root:   GNN TP: 136	TN: 1463	FN: 36	FP: 30
INFO:root:	F1-macro: 0.6075	G-Mean: 0.6937	AUC: 0.7665
INFO:root:   GNN TP: 415	TN: 1072	FN: 93	FP: 748
INFO:root:	F1-macro: 0.8946	G-Mean: 0.8838	AUC: 0.8646
INFO:root:   GNN TP: 137	TN: 1464	FN: 35	FP: 29
INFO:root:	F1-macro: 0.6190	G-Mean: 0.7100	AUC: 0.7815
INFO:root:   GNN TP: 434	TN: 1074	FN: 74	FP: 746
INFO:root:	F1-macro: 0.8946	G-Mean: 0.8838	AUC: 0.8659
INFO:root:   GNN TP: 137	TN: 1464	FN: 35	FP: 29
INFO:root:	F1-macro: 0.6227	G-Mean: 0.7189	AUC: 0.7891
INFO:root:   GNN TP: 452	TN: 1057	FN: 56	FP: 763
INFO:root:	F1-macro: 0.8960	G-Mean: 0.8841	AUC: 0.8681
INFO:root:   GNN TP: 137	TN: 1465	FN: 35	FP: 28
INFO:root:	F1-macro: 0.6181	G-Mean: 0.7149	AUC: 0.7939
INFO:root:   GNN TP: 453	TN: 1043	FN: 55	FP: 777
INFO:root:	F1-macro: 0.8960	G-Mean: 0.8841	AUC: 0.8695
INFO:root:   GNN TP: 137	TN: 1465	FN: 35	FP: 28
INFO:root:	F1-macro: 0.6155	G-Mean: 0.7125	AUC: 0.7977
INFO:root:   GNN TP: 453	TN: 1036	FN: 55	FP: 784
INFO:root:	F1-macro: 0.8955	G-Mean: 0.8811	AUC: 0.8709
INFO:root:   GNN TP: 136	TN: 1466	FN: 36	FP: 27
INFO:root:	F1-macro: 0.6157	G-Mean: 0.7129	AUC: 0.8001
INFO:root:   GNN TP: 454	TN: 1035	FN: 54	FP: 785
INFO:root:	F1-macro: 0.8935	G-Mean: 0.8779	AUC: 0.8729
INFO:root:   GNN TP: 135	TN: 1466	FN: 37	FP: 27
INFO:root:	F1-macro: 0.6186	G-Mean: 0.7162	AUC: 0.8023
INFO:root:   GNN TP: 456	TN: 1040	FN: 52	FP: 780
INFO:root:	F1-macro: 0.8921	G-Mean: 0.8776	AUC: 0.8748
INFO:root:   GNN TP: 135	TN: 1465	FN: 37	FP: 28
INFO:root:	F1-macro: 0.6173	G-Mean: 0.7147	AUC: 0.8042
INFO:root:   GNN TP: 455	TN: 1038	FN: 53	FP: 782
INFO:root:	F1-macro: 0.8921	G-Mean: 0.8776	AUC: 0.8769
INFO:root:   GNN TP: 135	TN: 1465	FN: 37	FP: 28
INFO:root:	F1-macro: 0.6201	G-Mean: 0.7176	AUC: 0.8058
INFO:root:   GNN TP: 456	TN: 1044	FN: 52	FP: 776
INFO:root:	F1-macro: 0.8941	G-Mean: 0.8808	AUC: 0.8785
INFO:root:   GNN TP: 136	TN: 1465	FN: 36	FP: 28
INFO:root:	F1-macro: 0.8955	G-Mean: 0.8811	AUC: 0.8804
INFO:root:   GNN TP: 136	TN: 1466	FN: 36	FP: 27
INFO:root:	F1-macro: 0.6210	G-Mean: 0.7182	AUC: 0.8073
INFO:root:   GNN TP: 455	TN: 1048	FN: 53	FP: 772
INFO:root:	F1-macro: 0.8955	G-Mean: 0.8811	AUC: 0.8824
INFO:root:   GNN TP: 136	TN: 1466	FN: 36	FP: 27
INFO:root:	F1-macro: 0.6236	G-Mean: 0.7206	AUC: 0.8086
INFO:root:   GNN TP: 455	TN: 1055	FN: 53	FP: 765
INFO:root:	F1-macro: 0.8949	G-Mean: 0.8782	AUC: 0.8841
INFO:root:   GNN TP: 135	TN: 1467	FN: 37	FP: 26
INFO:root:	F1-macro: 0.6251	G-Mean: 0.7213	AUC: 0.8099
INFO:root:   GNN TP: 453	TN: 1062	FN: 55	FP: 758
INFO:root:	F1-macro: 0.8949	G-Mean: 0.8782	AUC: 0.8861
INFO:root:   GNN TP: 135	TN: 1467	FN: 37	FP: 26
INFO:root:	F1-macro: 0.6268	G-Mean: 0.7226	AUC: 0.8112
INFO:root:   GNN TP: 452	TN: 1068	FN: 56	FP: 752
INFO:root:	F1-macro: 0.8949	G-Mean: 0.8782	AUC: 0.8879
INFO:root:   GNN TP: 135	TN: 1467	FN: 37	FP: 26
INFO:root:	F1-macro: 0.6279	G-Mean: 0.7230	AUC: 0.8122
INFO:root:   GNN TP: 450	TN: 1074	FN: 58	FP: 746
INFO:root:	F1-macro: 0.8977	G-Mean: 0.8788	AUC: 0.8896
INFO:root:   GNN TP: 135	TN: 1469	FN: 37	FP: 24
INFO:root:	F1-macro: 0.6299	G-Mean: 0.7246	AUC: 0.8130
INFO:root:   GNN TP: 449	TN: 1081	FN: 59	FP: 739
INFO:root:	F1-macro: 0.8991	G-Mean: 0.8791	AUC: 0.8911
INFO:root:   GNN TP: 135	TN: 1470	FN: 37	FP: 23
INFO:root:	F1-macro: 0.9054	G-Mean: 0.8799	AUC: 0.9070
INFO:root:   GNN TP: 272	TN: 2978	FN: 75	FP: 37
INFO:root:	F1-macro: 0.6301	G-Mean: 0.7244	AUC: 0.8137
INFO:root:   GNN TP: 448	TN: 1083	FN: 60	FP: 737
INFO:root:	F1-macro: 0.5820	G-Mean: 0.3219	AUC: 0.6923
INFO:root:   GNN TP: 30	TN: 9381	FN: 259	FP: 17
INFO:root:	F1-macro: 0.6309	G-Mean: 0.7245	AUC: 0.8141
INFO:root:   GNN TP: 446	TN: 1088	FN: 62	FP: 732
INFO:root:	F1-macro: 0.6332	G-Mean: 0.7257	AUC: 0.8144
INFO:root:   GNN TP: 443	TN: 1099	FN: 65	FP: 721
INFO:root:	F1-macro: 0.6338	G-Mean: 0.7252	AUC: 0.8147
INFO:root:   GNN TP: 440	TN: 1105	FN: 68	FP: 715
INFO:root:	F1-macro: 0.6163	G-Mean: 0.7099	AUC: 0.7986
INFO:root:   GNN TP: 893	TN: 2131	FN: 134	FP: 1546
INFO:root:	F1-macro: 0.5886	G-Mean: 0.3375	AUC: 0.6913
INFO:root:   GNN TP: 33	TN: 9376	FN: 256	FP: 22
INFO:root:	F1-macro: 0.5865	G-Mean: 0.3374	AUC: 0.6891
INFO:root:   GNN TP: 33	TN: 9369	FN: 256	FP: 29
INFO:root:	F1-macro: 0.5887	G-Mean: 0.3567	AUC: 0.6842
INFO:root:   GNN TP: 37	TN: 9342	FN: 252	FP: 56
INFO:root:	F1-macro: 0.5790	G-Mean: 0.3466	AUC: 0.6756
INFO:root:   GNN TP: 35	TN: 9323	FN: 254	FP: 75
INFO:root:2025-07-12 00-52-56
INFO:root:**************** MODEL CONFIGURATION ****************
INFO:root:Beta                     -->   0.1
INFO:root:add_constraint           -->   True
INFO:root:batch_size               -->   1024
INFO:root:biased_split             -->   False
INFO:root:cuda_id                  -->   2
INFO:root:data_dir                 -->   data/
INFO:root:data_name                -->   tolokers
INFO:root:emb_size                 -->   64
INFO:root:lr_1                     -->   0.001
INFO:root:lr_2                     -->   1e-05
INFO:root:model                    -->   GDN
INFO:root:multi_relation           -->   GNN
INFO:root:no_cuda                  -->   True
INFO:root:num_epochs               -->   101
INFO:root:optimizer                -->   adam
INFO:root:result_save              -->   ./results/tolokers_results.txt
INFO:root:save_dir                 -->   ./pytorch_models/
INFO:root:seed                     -->   42
INFO:root:test_batch_size          -->   1024
INFO:root:test_ratio               -->   0.33
INFO:root:thres                    -->   0.2
INFO:root:topk                     -->   10
INFO:root:train_ratio              -->   0.6
INFO:root:valid_epochs             -->   5
INFO:root:weight_decay             -->   0.001
INFO:root:weight_decay_2           -->   0.1
INFO:root:**************** MODEL CONFIGURATION ****************
INFO:root:	F1-macro: 0.4259	G-Mean: 0.3490	AUC: 0.3646
INFO:root:   GNN TP: 94	TN: 1198	FN: 414	FP: 622
INFO:root:	F1-macro: 0.5776	G-Mean: 0.6628	AUC: 0.7260
INFO:root:   GNN TP: 403	TN: 1008	FN: 105	FP: 812
INFO:root:	F1-macro: 0.6075	G-Mean: 0.6937	AUC: 0.7665
INFO:root:   GNN TP: 415	TN: 1072	FN: 93	FP: 748
INFO:root:	F1-macro: 0.6190	G-Mean: 0.7100	AUC: 0.7815
INFO:root:   GNN TP: 434	TN: 1074	FN: 74	FP: 746
INFO:root:	F1-macro: 0.6227	G-Mean: 0.7189	AUC: 0.7891
INFO:root:   GNN TP: 452	TN: 1057	FN: 56	FP: 763
INFO:root:	F1-macro: 0.6181	G-Mean: 0.7149	AUC: 0.7939
INFO:root:   GNN TP: 453	TN: 1043	FN: 55	FP: 777
INFO:root:	F1-macro: 0.6155	G-Mean: 0.7125	AUC: 0.7977
INFO:root:   GNN TP: 453	TN: 1036	FN: 55	FP: 784
INFO:root:	F1-macro: 0.6157	G-Mean: 0.7129	AUC: 0.8001
INFO:root:   GNN TP: 454	TN: 1035	FN: 54	FP: 785
INFO:root:	F1-macro: 0.6186	G-Mean: 0.7162	AUC: 0.8023
INFO:root:   GNN TP: 456	TN: 1040	FN: 52	FP: 780
INFO:root:	F1-macro: 0.6173	G-Mean: 0.7147	AUC: 0.8042
INFO:root:   GNN TP: 455	TN: 1038	FN: 53	FP: 782
INFO:root:	F1-macro: 0.6201	G-Mean: 0.7176	AUC: 0.8058
INFO:root:   GNN TP: 456	TN: 1044	FN: 52	FP: 776
INFO:root:	F1-macro: 0.6210	G-Mean: 0.7182	AUC: 0.8073
INFO:root:   GNN TP: 455	TN: 1048	FN: 53	FP: 772
INFO:root:	F1-macro: 0.6236	G-Mean: 0.7206	AUC: 0.8086
INFO:root:   GNN TP: 455	TN: 1055	FN: 53	FP: 765
INFO:root:	F1-macro: 0.6251	G-Mean: 0.7213	AUC: 0.8099
INFO:root:   GNN TP: 453	TN: 1062	FN: 55	FP: 758
INFO:root:	F1-macro: 0.6268	G-Mean: 0.7226	AUC: 0.8112
INFO:root:   GNN TP: 452	TN: 1068	FN: 56	FP: 752
INFO:root:	F1-macro: 0.6279	G-Mean: 0.7230	AUC: 0.8122
INFO:root:   GNN TP: 450	TN: 1074	FN: 58	FP: 746
INFO:root:	F1-macro: 0.6299	G-Mean: 0.7246	AUC: 0.8130
INFO:root:   GNN TP: 449	TN: 1081	FN: 59	FP: 739
INFO:root:	F1-macro: 0.6301	G-Mean: 0.7244	AUC: 0.8137
INFO:root:   GNN TP: 448	TN: 1083	FN: 60	FP: 737
INFO:root:	F1-macro: 0.6309	G-Mean: 0.7245	AUC: 0.8141
INFO:root:   GNN TP: 446	TN: 1088	FN: 62	FP: 732
INFO:root:	F1-macro: 0.5694	G-Mean: 0.3211	AUC: 0.6643
INFO:root:   GNN TP: 30	TN: 9332	FN: 259	FP: 66
INFO:root:	F1-macro: 0.6332	G-Mean: 0.7257	AUC: 0.8144
INFO:root:   GNN TP: 443	TN: 1099	FN: 65	FP: 721
INFO:root:	F1-macro: 0.6338	G-Mean: 0.7252	AUC: 0.8147
INFO:root:   GNN TP: 440	TN: 1105	FN: 68	FP: 715
INFO:root:	F1-macro: 0.6163	G-Mean: 0.7099	AUC: 0.7986
INFO:root:   GNN TP: 893	TN: 2131	FN: 134	FP: 1546
INFO:root:	F1-macro: 0.5611	G-Mean: 0.2818	AUC: 0.6367
INFO:root:   GNN TP: 23	TN: 9375	FN: 266	FP: 23
INFO:root:	F1-macro: 0.5695	G-Mean: 0.3859	AUC: 0.6782
INFO:root:   GNN TP: 44	TN: 9191	FN: 245	FP: 207
